# JRE version: OpenJDK Runtime Environment (8.0_202-b03) (build 1.8.0_202-release-1483-b03)
# Java VM: OpenJDK 64-Bit Server VM (25.202-b03 mixed mode windows-amd64 compressed oops)
Heap:
 PSYoungGen      total 231936K, used 104103K [0x00000000e0000000, 0x00000000ef700000, 0x0000000100000000)
  eden space 210944K, 44% used [0x00000000e0000000,0x00000000e5c0da80,0x00000000ece00000)
  from space 20992K, 46% used [0x00000000ee200000,0x00000000eeb9c4b0,0x00000000ef680000)
  to   space 20480K, 0% used [0x00000000ece00000,0x00000000ece00000,0x00000000ee200000)
 ParOldGen       total 130560K, used 32520K [0x00000000a0000000, 0x00000000a7f80000, 0x00000000e0000000)
  object space 130560K, 24% used [0x00000000a0000000,0x00000000a1fc20b0,0x00000000a7f80000)
 Metaspace       used 63651K, capacity 66258K, committed 66304K, reserved 1105920K
  class space    used 8667K, capacity 9206K, committed 9216K, reserved 1048576K
GC Heap History (10 events):
Event: 8.802 GC heap before
{Heap before GC invocations=15 (full 3):
 PSYoungGen      total 197632K, used 2778K [0x00000000e0000000, 0x00000000ee600000, 0x0000000100000000)
  eden space 178176K, 0% used [0x00000000e0000000,0x00000000e0000000,0x00000000eae00000)
  from space 19456K, 14% used [0x00000000ec100000,0x00000000ec3b6968,0x00000000ed400000)
  to   space 19456K, 0% used [0x00000000eae00000,0x00000000eae00000,0x00000000ec100000)
 ParOldGen       total 86016K, used 36676K [0x00000000a0000000, 0x00000000a5400000, 0x00000000e0000000)
  object space 86016K, 42% used [0x00000000a0000000,0x00000000a23d1140,0x00000000a5400000)
 Metaspace       used 56983K, capacity 59016K, committed 59096K, reserved 1099776K
  class space    used 7796K, capacity 8253K, committed 8320K, reserved 1048576K
Event: 9.040 GC heap after
Heap after GC invocations=15 (full 3):
 PSYoungGen      total 197632K, used 0K [0x00000000e0000000, 0x00000000ee600000, 0x0000000100000000)
  eden space 178176K, 0% used [0x00000000e0000000,0x00000000e0000000,0x00000000eae00000)
  from space 19456K, 0% used [0x00000000ec100000,0x00000000ec100000,0x00000000ed400000)
  to   space 19456K, 0% used [0x00000000eae00000,0x00000000eae00000,0x00000000ec100000)
 ParOldGen       total 130560K, used 32476K [0x00000000a0000000, 0x00000000a7f80000, 0x00000000e0000000)
  object space 130560K, 24% used [0x00000000a0000000,0x00000000a1fb73a0,0x00000000a7f80000)
 Metaspace       used 56949K, capacity 58902K, committed 59096K, reserved 1099776K
  class space    used 7785K, capacity 8234K, committed 8320K, reserved 1048576K
}
Event: 10.687 GC heap before
{Heap before GC invocations=16 (full 3):
 PSYoungGen      total 197632K, used 178176K [0x00000000e0000000, 0x00000000ee600000, 0x0000000100000000)
  eden space 178176K, 100% used [0x00000000e0000000,0x00000000eae00000,0x00000000eae00000)
  from space 19456K, 0% used [0x00000000ec100000,0x00000000ec100000,0x00000000ed400000)
  to   space 19456K, 0% used [0x00000000eae00000,0x00000000eae00000,0x00000000ec100000)
 ParOldGen       total 130560K, used 32476K [0x00000000a0000000, 0x00000000a7f80000, 0x00000000e0000000)
  object space 130560K, 24% used [0x00000000a0000000,0x00000000a1fb73a0,0x00000000a7f80000)
 Metaspace       used 62957K, capacity 65462K, committed 65664K, reserved 1105920K
  class space    used 8608K, capacity 9088K, committed 9088K, reserved 1048576K
Event: 10.699 GC heap after
Heap after GC invocations=16 (full 3):
 PSYoungGen      total 197632K, used 15385K [0x00000000e0000000, 0x00000000ef680000, 0x0000000100000000)
  eden space 178176K, 0% used [0x00000000e0000000,0x00000000e0000000,0x00000000eae00000)
  from space 19456K, 79% used [0x00000000eae00000,0x00000000ebd06780,0x00000000ec100000)
  to   space 20992K, 0% used [0x00000000ee200000,0x00000000ee200000,0x00000000ef680000)
 ParOldGen       total 130560K, used 32484K [0x00000000a0000000, 0x00000000a7f80000, 0x00000000e0000000)
  object space 130560K, 24% used [0x00000000a0000000,0x00000000a1fb93a0,0x00000000a7f80000)
 Metaspace       used 62957K, capacity 65462K, committed 65664K, reserved 1105920K
  class space    used 8608K, capacity 9088K, committed 9088K, reserved 1048576K
}
Event: 11.250 GC heap before
{Heap before GC invocations=17 (full 3):
 PSYoungGen      total 197632K, used 193561K [0x00000000e0000000, 0x00000000ef680000, 0x0000000100000000)
  eden space 178176K, 100% used [0x00000000e0000000,0x00000000eae00000,0x00000000eae00000)
  from space 19456K, 79% used [0x00000000eae00000,0x00000000ebd06780,0x00000000ec100000)
  to   space 20992K, 0% used [0x00000000ee200000,0x00000000ee200000,0x00000000ef680000)
 ParOldGen       total 130560K, used 32484K [0x00000000a0000000, 0x00000000a7f80000, 0x00000000e0000000)
  object space 130560K, 24% used [0x00000000a0000000,0x00000000a1fb93a0,0x00000000a7f80000)
 Metaspace       used 63328K, capacity 65906K, committed 66048K, reserved 1105920K
  class space    used 8647K, capacity 9164K, committed 9216K, reserved 1048576K
Event: 11.261 GC heap after
Heap after GC invocations=17 (full 3):
 PSYoungGen      total 231936K, used 10955K [0x00000000e0000000, 0x00000000ef700000, 0x0000000100000000)
  eden space 210944K, 0% used [0x00000000e0000000,0x00000000e0000000,0x00000000ece00000)
  from space 20992K, 52% used [0x00000000ee200000,0x00000000eecb2ef8,0x00000000ef680000)
  to   space 20480K, 0% used [0x00000000ece00000,0x00000000ece00000,0x00000000ee200000)
 ParOldGen       total 130560K, used 32492K [0x00000000a0000000, 0x00000000a7f80000, 0x00000000e0000000)
  object space 130560K, 24% used [0x00000000a0000000,0x00000000a1fbb3a0,0x00000000a7f80000)
 Metaspace       used 63328K, capacity 65906K, committed 66048K, reserved 1105920K
  class space    used 8647K, capacity 9164K, committed 9216K, reserved 1048576K
}
Event: 11.915 GC heap before
{Heap before GC invocations=18 (full 3):
 PSYoungGen      total 231936K, used 221899K [0x00000000e0000000, 0x00000000ef700000, 0x0000000100000000)
  eden space 210944K, 100% used [0x00000000e0000000,0x00000000ece00000,0x00000000ece00000)
  from space 20992K, 52% used [0x00000000ee200000,0x00000000eecb2ef8,0x00000000ef680000)
  to   space 20480K, 0% used [0x00000000ece00000,0x00000000ece00000,0x00000000ee200000)
 ParOldGen       total 130560K, used 32500K [0x00000000a0000000, 0x00000000a7f80000, 0x00000000e0000000)
  object space 130560K, 24% used [0x00000000a0000000,0x00000000a1fbd3b0,0x00000000a7f80000)
 Metaspace       used 63444K, capacity 66088K, committed 66304K, reserved 1105920K
  class space    used 8650K, capacity 9199K, committed 9216K, reserved 1048576K
Event: 11.929 GC heap after
Heap after GC invocations=18 (full 3):
 PSYoungGen      total 231424K, used 11724K [0x00000000e0000000, 0x00000000ef700000, 0x0000000100000000)
  eden space 210944K, 0% used [0x00000000e0000000,0x00000000e0000000,0x00000000ece00000)
  from space 20480K, 57% used [0x00000000ece00000,0x00000000ed973078,0x00000000ee200000)
  to   space 20992K, 0% used [0x00000000ee200000,0x00000000ee200000,0x00000000ef680000)
 ParOldGen       total 130560K, used 32508K [0x00000000a0000000, 0x00000000a7f80000, 0x00000000e0000000)
  object space 130560K, 24% used [0x00000000a0000000,0x00000000a1fbf3b0,0x00000000a7f80000)
 Metaspace       used 63444K, capacity 66088K, committed 66304K, reserved 1105920K
  class space    used 8650K, capacity 9199K, committed 9216K, reserved 1048576K
}
Event: 12.668 GC heap before
{Heap before GC invocations=19 (full 3):
 PSYoungGen      total 231424K, used 222668K [0x00000000e0000000, 0x00000000ef700000, 0x0000000100000000)
  eden space 210944K, 100% used [0x00000000e0000000,0x00000000ece00000,0x00000000ece00000)
  from space 20480K, 57% used [0x00000000ece00000,0x00000000ed973078,0x00000000ee200000)
  to   space 20992K, 0% used [0x00000000ee200000,0x00000000ee200000,0x00000000ef680000)
 ParOldGen       total 130560K, used 32512K [0x00000000a0000000, 0x00000000a7f80000, 0x00000000e0000000)
  object space 130560K, 24% used [0x00000000a0000000,0x00000000a1fc00b0,0x00000000a7f80000)
 Metaspace       used 63597K, capacity 66194K, committed 66304K, reserved 1105920K
  class space    used 8667K, capacity 9206K, committed 9216K, reserved 1048576K
Event: 12.678 GC heap after
Heap after GC invocations=19 (full 3):
 PSYoungGen      total 231936K, used 9841K [0x00000000e0000000, 0x00000000ef700000, 0x0000000100000000)
  eden space 210944K, 0% used [0x00000000e0000000,0x00000000e0000000,0x00000000ece00000)
  from space 20992K, 46% used [0x00000000ee200000,0x00000000eeb9c4b0,0x00000000ef680000)
  to   space 20480K, 0% used [0x00000000ece00000,0x00000000ece00000,0x00000000ee200000)
 ParOldGen       total 130560K, used 32520K [0x00000000a0000000, 0x00000000a7f80000, 0x00000000e0000000)
  object space 130560K, 24% used [0x00000000a0000000,0x00000000a1fc20b0,0x00000000a7f80000)
 Metaspace       used 63597K, capacity 66194K, committed 66304K, reserved 1105920K
  class space    used 8667K, capacity 9206K, committed 9216K, reserved 1048576K
}

