# JRE version: OpenJDK Runtime Environment (8.0_202-b03) (build 1.8.0_202-release-1483-b03)
# Java VM: OpenJDK 64-Bit Server VM (25.202-b03 mixed mode windows-amd64 compressed oops)
Heap:
 PSYoungGen      total 159232K, used 17054K [0x00000000e0000000, 0x00000000ec600000, 0x0000000100000000)
  eden space 140288K, 12% used [0x00000000e0000000,0x00000000e10a7b38,0x00000000e8900000)
  from space 18944K, 0% used [0x00000000eb380000,0x00000000eb380000,0x00000000ec600000)
  to   space 14848K, 0% used [0x00000000e8900000,0x00000000e8900000,0x00000000e9780000)
 ParOldGen       total 91136K, used 30302K [0x00000000a0000000, 0x00000000a5900000, 0x00000000e0000000)
  object space 91136K, 33% used [0x00000000a0000000,0x00000000a1d97bc0,0x00000000a5900000)
 Metaspace       used 57740K, capacity 59608K, committed 60032K, reserved 1101824K
  class space    used 7767K, capacity 8191K, committed 8320K, reserved 1048576K
GC Heap History (10 events):
Event: 5.848 GC heap before
{Heap before GC invocations=11 (full 2):
 PSYoungGen      total 116736K, used 10361K [0x00000000e0000000, 0x00000000ea600000, 0x0000000100000000)
  eden space 105472K, 0% used [0x00000000e0000000,0x00000000e0000000,0x00000000e6700000)
  from space 11264K, 91% used [0x00000000e6700000,0x00000000e711e598,0x00000000e7200000)
  to   space 12288K, 0% used [0x00000000e9a00000,0x00000000e9a00000,0x00000000ea600000)
 ParOldGen       total 58368K, used 8956K [0x00000000a0000000, 0x00000000a3900000, 0x00000000e0000000)
  object space 58368K, 15% used [0x00000000a0000000,0x00000000a08bf338,0x00000000a3900000)
 Metaspace       used 34504K, capacity 35444K, committed 35496K, reserved 1079296K
  class space    used 4769K, capacity 4964K, committed 4992K, reserved 1048576K
Event: 5.908 GC heap after
Heap after GC invocations=11 (full 2):
 PSYoungGen      total 116736K, used 0K [0x00000000e0000000, 0x00000000ea600000, 0x0000000100000000)
  eden space 105472K, 0% used [0x00000000e0000000,0x00000000e0000000,0x00000000e6700000)
  from space 11264K, 0% used [0x00000000e6700000,0x00000000e6700000,0x00000000e7200000)
  to   space 12288K, 0% used [0x00000000e9a00000,0x00000000e9a00000,0x00000000ea600000)
 ParOldGen       total 91136K, used 17658K [0x00000000a0000000, 0x00000000a5900000, 0x00000000e0000000)
  object space 91136K, 19% used [0x00000000a0000000,0x00000000a113eb10,0x00000000a5900000)
 Metaspace       used 34504K, capacity 35444K, committed 35496K, reserved 1079296K
  class space    used 4769K, capacity 4964K, committed 4992K, reserved 1048576K
}
Event: 7.469 GC heap before
{Heap before GC invocations=12 (full 2):
 PSYoungGen      total 116736K, used 105472K [0x00000000e0000000, 0x00000000ea600000, 0x0000000100000000)
  eden space 105472K, 100% used [0x00000000e0000000,0x00000000e6700000,0x00000000e6700000)
  from space 11264K, 0% used [0x00000000e6700000,0x00000000e6700000,0x00000000e7200000)
  to   space 12288K, 0% used [0x00000000e9a00000,0x00000000e9a00000,0x00000000ea600000)
 ParOldGen       total 91136K, used 17658K [0x00000000a0000000, 0x00000000a5900000, 0x00000000e0000000)
  object space 91136K, 19% used [0x00000000a0000000,0x00000000a113eb10,0x00000000a5900000)
 Metaspace       used 45832K, capacity 47240K, committed 47488K, reserved 1089536K
  class space    used 6121K, capacity 6405K, committed 6528K, reserved 1048576K
Event: 7.480 GC heap after
Heap after GC invocations=12 (full 2):
 PSYoungGen      total 144384K, used 12281K [0x00000000e0000000, 0x00000000ea600000, 0x0000000100000000)
  eden space 132096K, 0% used [0x00000000e0000000,0x00000000e0000000,0x00000000e8100000)
  from space 12288K, 99% used [0x00000000e9a00000,0x00000000ea5fe770,0x00000000ea600000)
  to   space 14848K, 0% used [0x00000000e8900000,0x00000000e8900000,0x00000000e9780000)
 ParOldGen       total 91136K, used 20886K [0x00000000a0000000, 0x00000000a5900000, 0x00000000e0000000)
  object space 91136K, 22% used [0x00000000a0000000,0x00000000a1465ab8,0x00000000a5900000)
 Metaspace       used 45832K, capacity 47240K, committed 47488K, reserved 1089536K
  class space    used 6121K, capacity 6405K, committed 6528K, reserved 1048576K
}
Event: 8.889 GC heap before
{Heap before GC invocations=13 (full 2):
 PSYoungGen      total 144384K, used 144377K [0x00000000e0000000, 0x00000000ea600000, 0x0000000100000000)
  eden space 132096K, 100% used [0x00000000e0000000,0x00000000e8100000,0x00000000e8100000)
  from space 12288K, 99% used [0x00000000e9a00000,0x00000000ea5fe770,0x00000000ea600000)
  to   space 14848K, 0% used [0x00000000e8900000,0x00000000e8900000,0x00000000e9780000)
 ParOldGen       total 91136K, used 20886K [0x00000000a0000000, 0x00000000a5900000, 0x00000000e0000000)
  object space 91136K, 22% used [0x00000000a0000000,0x00000000a1465ab8,0x00000000a5900000)
 Metaspace       used 55528K, capacity 57386K, committed 57600K, reserved 1099776K
  class space    used 7468K, capacity 7845K, committed 7936K, reserved 1048576K
Event: 8.906 GC heap after
Heap after GC invocations=13 (full 2):
 PSYoungGen      total 155136K, used 14842K [0x00000000e0000000, 0x00000000ec600000, 0x0000000100000000)
  eden space 140288K, 0% used [0x00000000e0000000,0x00000000e0000000,0x00000000e8900000)
  from space 14848K, 99% used [0x00000000e8900000,0x00000000e977eac8,0x00000000e9780000)
  to   space 18944K, 0% used [0x00000000eb380000,0x00000000eb380000,0x00000000ec600000)
 ParOldGen       total 91136K, used 28273K [0x00000000a0000000, 0x00000000a5900000, 0x00000000e0000000)
  object space 91136K, 31% used [0x00000000a0000000,0x00000000a1b9c6b0,0x00000000a5900000)
 Metaspace       used 55528K, capacity 57386K, committed 57600K, reserved 1099776K
  class space    used 7468K, capacity 7845K, committed 7936K, reserved 1048576K
}
Event: 9.141 GC heap before
{Heap before GC invocations=14 (full 2):
 PSYoungGen      total 155136K, used 31582K [0x00000000e0000000, 0x00000000ec600000, 0x0000000100000000)
  eden space 140288K, 11% used [0x00000000e0000000,0x00000000e1058e20,0x00000000e8900000)
  from space 14848K, 99% used [0x00000000e8900000,0x00000000e977eac8,0x00000000e9780000)
  to   space 18944K, 0% used [0x00000000eb380000,0x00000000eb380000,0x00000000ec600000)
 ParOldGen       total 91136K, used 28273K [0x00000000a0000000, 0x00000000a5900000, 0x00000000e0000000)
  object space 91136K, 31% used [0x00000000a0000000,0x00000000a1b9c6b0,0x00000000a5900000)
 Metaspace       used 57017K, capacity 59028K, committed 59160K, reserved 1099776K
  class space    used 7652K, capacity 8063K, committed 8064K, reserved 1048576K
Event: 9.148 GC heap after
Heap after GC invocations=14 (full 2):
 PSYoungGen      total 159232K, used 1680K [0x00000000e0000000, 0x00000000ec600000, 0x0000000100000000)
  eden space 140288K, 0% used [0x00000000e0000000,0x00000000e0000000,0x00000000e8900000)
  from space 18944K, 8% used [0x00000000eb380000,0x00000000eb524140,0x00000000ec600000)
  to   space 14848K, 0% used [0x00000000e8900000,0x00000000e8900000,0x00000000e9780000)
 ParOldGen       total 91136K, used 35131K [0x00000000a0000000, 0x00000000a5900000, 0x00000000e0000000)
  object space 91136K, 38% used [0x00000000a0000000,0x00000000a224ef30,0x00000000a5900000)
 Metaspace       used 57017K, capacity 59028K, committed 59160K, reserved 1099776K
  class space    used 7652K, capacity 8063K, committed 8064K, reserved 1048576K
}
Event: 9.148 GC heap before
{Heap before GC invocations=15 (full 3):
 PSYoungGen      total 159232K, used 1680K [0x00000000e0000000, 0x00000000ec600000, 0x0000000100000000)
  eden space 140288K, 0% used [0x00000000e0000000,0x00000000e0000000,0x00000000e8900000)
  from space 18944K, 8% used [0x00000000eb380000,0x00000000eb524140,0x00000000ec600000)
  to   space 14848K, 0% used [0x00000000e8900000,0x00000000e8900000,0x00000000e9780000)
 ParOldGen       total 91136K, used 35131K [0x00000000a0000000, 0x00000000a5900000, 0x00000000e0000000)
  object space 91136K, 38% used [0x00000000a0000000,0x00000000a224ef30,0x00000000a5900000)
 Metaspace       used 57017K, capacity 59028K, committed 59160K, reserved 1099776K
  class space    used 7652K, capacity 8063K, committed 8064K, reserved 1048576K
Event: 9.385 GC heap after
Heap after GC invocations=15 (full 3):
 PSYoungGen      total 159232K, used 0K [0x00000000e0000000, 0x00000000ec600000, 0x0000000100000000)
  eden space 140288K, 0% used [0x00000000e0000000,0x00000000e0000000,0x00000000e8900000)
  from space 18944K, 0% used [0x00000000eb380000,0x00000000eb380000,0x00000000ec600000)
  to   space 14848K, 0% used [0x00000000e8900000,0x00000000e8900000,0x00000000e9780000)
 ParOldGen       total 91136K, used 30302K [0x00000000a0000000, 0x00000000a5900000, 0x00000000e0000000)
  object space 91136K, 33% used [0x00000000a0000000,0x00000000a1d97bc0,0x00000000a5900000)
 Metaspace       used 56953K, capacity 58820K, committed 59160K, reserved 1099776K
  class space    used 7633K, capacity 8035K, committed 8064K, reserved 1048576K
}

