# JRE version: OpenJDK Runtime Environment (8.0_202-b03) (build 1.8.0_202-release-1483-b03)
# Java VM: OpenJDK 64-Bit Server VM (25.202-b03 mixed mode windows-amd64 compressed oops)
Heap:
 PSYoungGen      total 440832K, used 158145K [0x00000000e0000000, 0x00000000ffe80000, 0x0000000100000000)
  eden space 358400K, 42% used [0x00000000e0000000,0x00000000e959b880,0x00000000f5e00000)
  from space 82432K, 6% used [0x00000000f5e00000,0x00000000f62d4db8,0x00000000fae80000)
  to   space 81408K, 0% used [0x00000000faf00000,0x00000000faf00000,0x00000000ffe80000)
 ParOldGen       total 518656K, used 262491K [0x00000000a0000000, 0x00000000bfa80000, 0x00000000e0000000)
  object space 518656K, 50% used [0x00000000a0000000,0x00000000b0056c40,0x00000000bfa80000)
 Metaspace       used 118736K, capacity 125992K, committed 126336K, reserved 1159168K
  class space    used 14826K, capacity 16140K, committed 16256K, reserved 1048576K
GC Heap History (10 events):
Event: 9538.604 GC heap before
{Heap before GC invocations=129 (full 10):
 PSYoungGen      total 433152K, used 29674K [0x00000000e0000000, 0x0000000100000000, 0x0000000100000000)
  eden space 342016K, 0% used [0x00000000e0000000,0x00000000e0000000,0x00000000f4e00000)
  from space 91136K, 32% used [0x00000000f4e00000,0x00000000f6afab68,0x00000000fa700000)
  to   space 86528K, 0% used [0x00000000fab80000,0x00000000fab80000,0x0000000100000000)
 ParOldGen       total 388608K, used 382922K [0x00000000a0000000, 0x00000000b7b80000, 0x00000000e0000000)
  object space 388608K, 98% used [0x00000000a0000000,0x00000000b75f2998,0x00000000b7b80000)
 Metaspace       used 107256K, capacity 113206K, committed 113280K, reserved 1148928K
  class space    used 13294K, capacity 14397K, committed 14464K, reserved 1048576K
Event: 9539.658 GC heap after
Heap after GC invocations=129 (full 10):
 PSYoungGen      total 433152K, used 0K [0x00000000e0000000, 0x0000000100000000, 0x0000000100000000)
  eden space 342016K, 0% used [0x00000000e0000000,0x00000000e0000000,0x00000000f4e00000)
  from space 91136K, 0% used [0x00000000f4e00000,0x00000000f4e00000,0x00000000fa700000)
  to   space 86528K, 0% used [0x00000000fab80000,0x00000000fab80000,0x0000000100000000)
 ParOldGen       total 518656K, used 237148K [0x00000000a0000000, 0x00000000bfa80000, 0x00000000e0000000)
  object space 518656K, 45% used [0x00000000a0000000,0x00000000ae7970c8,0x00000000bfa80000)
 Metaspace       used 107256K, capacity 113206K, committed 113280K, reserved 1148928K
  class space    used 13294K, capacity 14397K, committed 14464K, reserved 1048576K
}
Event: 9541.554 GC heap before
{Heap before GC invocations=130 (full 10):
 PSYoungGen      total 433152K, used 342014K [0x00000000e0000000, 0x0000000100000000, 0x0000000100000000)
  eden space 342016K, 99% used [0x00000000e0000000,0x00000000f4dffb58,0x00000000f4e00000)
  from space 91136K, 0% used [0x00000000f4e00000,0x00000000f4e00000,0x00000000fa700000)
  to   space 86528K, 0% used [0x00000000fab80000,0x00000000fab80000,0x0000000100000000)
 ParOldGen       total 518656K, used 237148K [0x00000000a0000000, 0x00000000bfa80000, 0x00000000e0000000)
  object space 518656K, 45% used [0x00000000a0000000,0x00000000ae7970c8,0x00000000bfa80000)
 Metaspace       used 107807K, capacity 113858K, committed 114176K, reserved 1148928K
  class space    used 13362K, capacity 14475K, committed 14592K, reserved 1048576K
Event: 9541.596 GC heap after
Heap after GC invocations=130 (full 10):
 PSYoungGen      total 421376K, used 26557K [0x00000000e0000000, 0x00000000ff480000, 0x0000000100000000)
  eden space 346624K, 0% used [0x00000000e0000000,0x00000000e0000000,0x00000000f5280000)
  from space 74752K, 35% used [0x00000000fab80000,0x00000000fc56f7a8,0x00000000ff480000)
  to   space 82944K, 0% used [0x00000000f5280000,0x00000000f5280000,0x00000000fa380000)
 ParOldGen       total 518656K, used 237156K [0x00000000a0000000, 0x00000000bfa80000, 0x00000000e0000000)
  object space 518656K, 45% used [0x00000000a0000000,0x00000000ae7990c8,0x00000000bfa80000)
 Metaspace       used 107807K, capacity 113858K, committed 114176K, reserved 1148928K
  class space    used 13362K, capacity 14475K, committed 14592K, reserved 1048576K
}
Event: 9542.814 GC heap before
{Heap before GC invocations=131 (full 10):
 PSYoungGen      total 421376K, used 373181K [0x00000000e0000000, 0x00000000ff480000, 0x0000000100000000)
  eden space 346624K, 100% used [0x00000000e0000000,0x00000000f5280000,0x00000000f5280000)
  from space 74752K, 35% used [0x00000000fab80000,0x00000000fc56f7a8,0x00000000ff480000)
  to   space 82944K, 0% used [0x00000000f5280000,0x00000000f5280000,0x00000000fa380000)
 ParOldGen       total 518656K, used 237156K [0x00000000a0000000, 0x00000000bfa80000, 0x00000000e0000000)
  object space 518656K, 45% used [0x00000000a0000000,0x00000000ae7990c8,0x00000000bfa80000)
 Metaspace       used 107868K, capacity 113970K, committed 114176K, reserved 1148928K
  class space    used 13370K, capacity 14483K, committed 14592K, reserved 1048576K
Event: 9542.854 GC heap after
Heap after GC invocations=131 (full 10):
 PSYoungGen      total 429568K, used 4609K [0x00000000e0000000, 0x0000000100000000, 0x0000000100000000)
  eden space 346624K, 0% used [0x00000000e0000000,0x00000000e0000000,0x00000000f5280000)
  from space 82944K, 5% used [0x00000000f5280000,0x00000000f5700438,0x00000000fa380000)
  to   space 82944K, 0% used [0x00000000faf00000,0x00000000faf00000,0x0000000100000000)
 ParOldGen       total 518656K, used 258059K [0x00000000a0000000, 0x00000000bfa80000, 0x00000000e0000000)
  object space 518656K, 49% used [0x00000000a0000000,0x00000000afc02e90,0x00000000bfa80000)
 Metaspace       used 107868K, capacity 113970K, committed 114176K, reserved 1148928K
  class space    used 13370K, capacity 14483K, committed 14592K, reserved 1048576K
}
Event: 9543.448 GC heap before
{Heap before GC invocations=132 (full 10):
 PSYoungGen      total 429568K, used 351233K [0x00000000e0000000, 0x0000000100000000, 0x0000000100000000)
  eden space 346624K, 100% used [0x00000000e0000000,0x00000000f5280000,0x00000000f5280000)
  from space 82944K, 5% used [0x00000000f5280000,0x00000000f5700438,0x00000000fa380000)
  to   space 82944K, 0% used [0x00000000faf00000,0x00000000faf00000,0x0000000100000000)
 ParOldGen       total 518656K, used 258059K [0x00000000a0000000, 0x00000000bfa80000, 0x00000000e0000000)
  object space 518656K, 49% used [0x00000000a0000000,0x00000000afc02e90,0x00000000bfa80000)
 Metaspace       used 107880K, capacity 113978K, committed 114176K, reserved 1148928K
  class space    used 13374K, capacity 14485K, committed 14592K, reserved 1048576K
Event: 9543.459 GC heap after
Heap after GC invocations=132 (full 10):
 PSYoungGen      total 440320K, used 2829K [0x00000000e0000000, 0x00000000fff00000, 0x0000000100000000)
  eden space 358400K, 0% used [0x00000000e0000000,0x00000000e0000000,0x00000000f5e00000)
  from space 81920K, 3% used [0x00000000faf00000,0x00000000fb1c3520,0x00000000fff00000)
  to   space 82432K, 0% used [0x00000000f5e00000,0x00000000f5e00000,0x00000000fae80000)
 ParOldGen       total 518656K, used 262491K [0x00000000a0000000, 0x00000000bfa80000, 0x00000000e0000000)
  object space 518656K, 50% used [0x00000000a0000000,0x00000000b0056c40,0x00000000bfa80000)
 Metaspace       used 107880K, capacity 113978K, committed 114176K, reserved 1148928K
  class space    used 13374K, capacity 14485K, committed 14592K, reserved 1048576K
}
Event: 9842.805 GC heap before
{Heap before GC invocations=133 (full 10):
 PSYoungGen      total 440320K, used 361229K [0x00000000e0000000, 0x00000000fff00000, 0x0000000100000000)
  eden space 358400K, 100% used [0x00000000e0000000,0x00000000f5e00000,0x00000000f5e00000)
  from space 81920K, 3% used [0x00000000faf00000,0x00000000fb1c3520,0x00000000fff00000)
  to   space 82432K, 0% used [0x00000000f5e00000,0x00000000f5e00000,0x00000000fae80000)
 ParOldGen       total 518656K, used 262491K [0x00000000a0000000, 0x00000000bfa80000, 0x00000000e0000000)
  object space 518656K, 50% used [0x00000000a0000000,0x00000000b0056c40,0x00000000bfa80000)
 Metaspace       used 108130K, capacity 114278K, committed 114432K, reserved 1148928K
  class space    used 13411K, capacity 14562K, committed 14592K, reserved 1048576K
Event: 9842.812 GC heap after
Heap after GC invocations=133 (full 10):
 PSYoungGen      total 440832K, used 4947K [0x00000000e0000000, 0x00000000ffe80000, 0x0000000100000000)
  eden space 358400K, 0% used [0x00000000e0000000,0x00000000e0000000,0x00000000f5e00000)
  from space 82432K, 6% used [0x00000000f5e00000,0x00000000f62d4db8,0x00000000fae80000)
  to   space 81408K, 0% used [0x00000000faf00000,0x00000000faf00000,0x00000000ffe80000)
 ParOldGen       total 518656K, used 262491K [0x00000000a0000000, 0x00000000bfa80000, 0x00000000e0000000)
  object space 518656K, 50% used [0x00000000a0000000,0x00000000b0056c40,0x00000000bfa80000)
 Metaspace       used 108130K, capacity 114278K, committed 114432K, reserved 1148928K
  class space    used 13411K, capacity 14562K, committed 14592K, reserved 1048576K
}

