# JRE version: OpenJDK Runtime Environment (8.0_202-b03) (build 1.8.0_202-release-1483-b03)
# Java VM: OpenJDK 64-Bit Server VM (25.202-b03 mixed mode windows-amd64 compressed oops)
Heap:
 PSYoungGen      total 300544K, used 226393K [0x00000000e0000000, 0x00000000f6f00000, 0x0000000100000000)
  eden space 264192K, 71% used [0x00000000e0000000,0x00000000eb996918,0x00000000f0200000)
  from space 36352K, 99% used [0x00000000f0200000,0x00000000f257fb78,0x00000000f2580000)
  to   space 43008K, 0% used [0x00000000f4500000,0x00000000f4500000,0x00000000f6f00000)
 ParOldGen       total 220160K, used 83251K [0x00000000a0000000, 0x00000000ad700000, 0x00000000e0000000)
  object space 220160K, 37% used [0x00000000a0000000,0x00000000a514ce58,0x00000000ad700000)
 Metaspace       used 127779K, capacity 133654K, committed 133836K, reserved 1165312K
  class space    used 16162K, capacity 17317K, committed 17408K, reserved 1048576K
GC Heap History (10 events):
Event: 856.834 GC heap before
{Heap before GC invocations=19 (full 3):
 PSYoungGen      total 240128K, used 229373K [0x00000000e0000000, 0x00000000f2580000, 0x0000000100000000)
  eden space 212480K, 100% used [0x00000000e0000000,0x00000000ecf80000,0x00000000ecf80000)
  from space 27648K, 61% used [0x00000000ecf80000,0x00000000edfff7e8,0x00000000eea80000)
  to   space 28160K, 0% used [0x00000000f0a00000,0x00000000f0a00000,0x00000000f2580000)
 ParOldGen       total 130560K, used 66016K [0x00000000a0000000, 0x00000000a7f80000, 0x00000000e0000000)
  object space 130560K, 50% used [0x00000000a0000000,0x00000000a4078358,0x00000000a7f80000)
 Metaspace       used 84562K, capacity 88352K, committed 88536K, reserved 1126400K
  class space    used 11172K, capacity 11924K, committed 12032K, reserved 1048576K
Event: 856.860 GC heap after
Heap after GC invocations=19 (full 3):
 PSYoungGen      total 270848K, used 20707K [0x00000000e0000000, 0x00000000f2d00000, 0x0000000100000000)
  eden space 242688K, 0% used [0x00000000e0000000,0x00000000e0000000,0x00000000eed00000)
  from space 28160K, 73% used [0x00000000f0a00000,0x00000000f1e38f88,0x00000000f2580000)
  to   space 29696K, 0% used [0x00000000eed00000,0x00000000eed00000,0x00000000f0a00000)
 ParOldGen       total 130560K, used 66024K [0x00000000a0000000, 0x00000000a7f80000, 0x00000000e0000000)
  object space 130560K, 50% used [0x00000000a0000000,0x00000000a407a358,0x00000000a7f80000)
 Metaspace       used 84562K, capacity 88352K, committed 88536K, reserved 1126400K
  class space    used 11172K, capacity 11924K, committed 12032K, reserved 1048576K
}
Event: 929.711 GC heap before
{Heap before GC invocations=20 (full 3):
 PSYoungGen      total 270848K, used 253614K [0x00000000e0000000, 0x00000000f2d00000, 0x0000000100000000)
  eden space 242688K, 95% used [0x00000000e0000000,0x00000000ee372ac0,0x00000000eed00000)
  from space 28160K, 73% used [0x00000000f0a00000,0x00000000f1e38f88,0x00000000f2580000)
  to   space 29696K, 0% used [0x00000000eed00000,0x00000000eed00000,0x00000000f0a00000)
 ParOldGen       total 130560K, used 66024K [0x00000000a0000000, 0x00000000a7f80000, 0x00000000e0000000)
  object space 130560K, 50% used [0x00000000a0000000,0x00000000a407a358,0x00000000a7f80000)
 Metaspace       used 93988K, capacity 98254K, committed 98380K, reserved 1134592K
  class space    used 12101K, capacity 12926K, committed 12928K, reserved 1048576K
Event: 929.746 GC heap after
Heap after GC invocations=20 (full 3):
 PSYoungGen      total 272384K, used 29692K [0x00000000e0000000, 0x00000000f4800000, 0x0000000100000000)
  eden space 242688K, 0% used [0x00000000e0000000,0x00000000e0000000,0x00000000eed00000)
  from space 29696K, 99% used [0x00000000eed00000,0x00000000f09ff290,0x00000000f0a00000)
  to   space 35328K, 0% used [0x00000000f2580000,0x00000000f2580000,0x00000000f4800000)
 ParOldGen       total 130560K, used 69687K [0x00000000a0000000, 0x00000000a7f80000, 0x00000000e0000000)
  object space 130560K, 53% used [0x00000000a0000000,0x00000000a440dc88,0x00000000a7f80000)
 Metaspace       used 93988K, capacity 98254K, committed 98380K, reserved 1134592K
  class space    used 12101K, capacity 12926K, committed 12928K, reserved 1048576K
}
Event: 929.746 GC heap before
{Heap before GC invocations=21 (full 4):
 PSYoungGen      total 272384K, used 29692K [0x00000000e0000000, 0x00000000f4800000, 0x0000000100000000)
  eden space 242688K, 0% used [0x00000000e0000000,0x00000000e0000000,0x00000000eed00000)
  from space 29696K, 99% used [0x00000000eed00000,0x00000000f09ff290,0x00000000f0a00000)
  to   space 35328K, 0% used [0x00000000f2580000,0x00000000f2580000,0x00000000f4800000)
 ParOldGen       total 130560K, used 69687K [0x00000000a0000000, 0x00000000a7f80000, 0x00000000e0000000)
  object space 130560K, 53% used [0x00000000a0000000,0x00000000a440dc88,0x00000000a7f80000)
 Metaspace       used 93988K, capacity 98254K, committed 98380K, reserved 1134592K
  class space    used 12101K, capacity 12926K, committed 12928K, reserved 1048576K
Event: 929.965 GC heap after
Heap after GC invocations=21 (full 4):
 PSYoungGen      total 272384K, used 0K [0x00000000e0000000, 0x00000000f4800000, 0x0000000100000000)
  eden space 242688K, 0% used [0x00000000e0000000,0x00000000e0000000,0x00000000eed00000)
  from space 29696K, 0% used [0x00000000eed00000,0x00000000eed00000,0x00000000f0a00000)
  to   space 35328K, 0% used [0x00000000f2580000,0x00000000f2580000,0x00000000f4800000)
 ParOldGen       total 220160K, used 80569K [0x00000000a0000000, 0x00000000ad700000, 0x00000000e0000000)
  object space 220160K, 36% used [0x00000000a0000000,0x00000000a4eae7f8,0x00000000ad700000)
 Metaspace       used 93661K, capacity 97282K, committed 98380K, reserved 1134592K
  class space    used 12000K, capacity 12753K, committed 12928K, reserved 1048576K
}
Event: 1549.836 GC heap before
{Heap before GC invocations=22 (full 4):
 PSYoungGen      total 272384K, used 242688K [0x00000000e0000000, 0x00000000f4800000, 0x0000000100000000)
  eden space 242688K, 100% used [0x00000000e0000000,0x00000000eed00000,0x00000000eed00000)
  from space 29696K, 0% used [0x00000000eed00000,0x00000000eed00000,0x00000000f0a00000)
  to   space 35328K, 0% used [0x00000000f2580000,0x00000000f2580000,0x00000000f4800000)
 ParOldGen       total 220160K, used 80569K [0x00000000a0000000, 0x00000000ad700000, 0x00000000e0000000)
  object space 220160K, 36% used [0x00000000a0000000,0x00000000a4eae7f8,0x00000000ad700000)
 Metaspace       used 105693K, capacity 110254K, committed 110412K, reserved 1144832K
  class space    used 13503K, capacity 14401K, committed 14464K, reserved 1048576K
Event: 1549.871 GC heap after
Heap after GC invocations=22 (full 4):
 PSYoungGen      total 299520K, used 23359K [0x00000000e0000000, 0x00000000f4a00000, 0x0000000100000000)
  eden space 264192K, 0% used [0x00000000e0000000,0x00000000e0000000,0x00000000f0200000)
  from space 35328K, 66% used [0x00000000f2580000,0x00000000f3c4ff08,0x00000000f4800000)
  to   space 36352K, 0% used [0x00000000f0200000,0x00000000f0200000,0x00000000f2580000)
 ParOldGen       total 220160K, used 80577K [0x00000000a0000000, 0x00000000ad700000, 0x00000000e0000000)
  object space 220160K, 36% used [0x00000000a0000000,0x00000000a4eb07f8,0x00000000ad700000)
 Metaspace       used 105693K, capacity 110254K, committed 110412K, reserved 1144832K
  class space    used 13503K, capacity 14401K, committed 14464K, reserved 1048576K
}
Event: 1553.272 GC heap before
{Heap before GC invocations=23 (full 4):
 PSYoungGen      total 299520K, used 287551K [0x00000000e0000000, 0x00000000f4a00000, 0x0000000100000000)
  eden space 264192K, 100% used [0x00000000e0000000,0x00000000f0200000,0x00000000f0200000)
  from space 35328K, 66% used [0x00000000f2580000,0x00000000f3c4ff08,0x00000000f4800000)
  to   space 36352K, 0% used [0x00000000f0200000,0x00000000f0200000,0x00000000f2580000)
 ParOldGen       total 220160K, used 80577K [0x00000000a0000000, 0x00000000ad700000, 0x00000000e0000000)
  object space 220160K, 36% used [0x00000000a0000000,0x00000000a4eb07f8,0x00000000ad700000)
 Metaspace       used 121953K, capacity 127544K, committed 127820K, reserved 1161216K
  class space    used 15614K, capacity 16710K, committed 16768K, reserved 1048576K
Event: 1553.302 GC heap after
Heap after GC invocations=23 (full 4):
 PSYoungGen      total 300544K, used 36350K [0x00000000e0000000, 0x00000000f6f00000, 0x0000000100000000)
  eden space 264192K, 0% used [0x00000000e0000000,0x00000000e0000000,0x00000000f0200000)
  from space 36352K, 99% used [0x00000000f0200000,0x00000000f257fb78,0x00000000f2580000)
  to   space 43008K, 0% used [0x00000000f4500000,0x00000000f4500000,0x00000000f6f00000)
 ParOldGen       total 220160K, used 83251K [0x00000000a0000000, 0x00000000ad700000, 0x00000000e0000000)
  object space 220160K, 37% used [0x00000000a0000000,0x00000000a514ce58,0x00000000ad700000)
 Metaspace       used 121953K, capacity 127544K, committed 127820K, reserved 1161216K
  class space    used 15614K, capacity 16710K, committed 16768K, reserved 1048576K
}

