# JRE version: OpenJDK Runtime Environment (8.0_202-b03) (build 1.8.0_202-release-1483-b03)
# Java VM: OpenJDK 64-Bit Server VM (25.202-b03 mixed mode windows-amd64 compressed oops)
Heap:
 PSYoungGen      total 416256K, used 240569K [0x00000000e0000000, 0x0000000100000000, 0x0000000100000000)
  eden space 308224K, 43% used [0x00000000e0000000,0x00000000e8172680,0x00000000f2d00000)
  from space 108032K, 99% used [0x00000000f2d00000,0x00000000f967c118,0x00000000f9680000)
  to   space 108032K, 0% used [0x00000000f9680000,0x00000000f9680000,0x0000000100000000)
 ParOldGen       total 296960K, used 211688K [0x00000000a0000000, 0x00000000b2200000, 0x00000000e0000000)
  object space 296960K, 71% used [0x00000000a0000000,0x00000000aceba2e8,0x00000000b2200000)
 Metaspace       used 107322K, capacity 116928K, committed 117120K, reserved 1150976K
  class space    used 13614K, capacity 15153K, committed 15232K, reserved 1048576K
GC Heap History (10 events):
Event: 1301.631 GC heap before
{Heap before GC invocations=66 (full 5):
 PSYoungGen      total 403968K, used 340663K [0x00000000e0000000, 0x0000000100000000, 0x0000000100000000)
  eden space 295936K, 100% used [0x00000000e0000000,0x00000000f2100000,0x00000000f2100000)
  from space 108032K, 41% used [0x00000000f9680000,0x00000000fc22dfb0,0x0000000100000000)
  to   space 114176K, 0% used [0x00000000f2100000,0x00000000f2100000,0x00000000f9080000)
 ParOldGen       total 296960K, used 164753K [0x00000000a0000000, 0x00000000b2200000, 0x00000000e0000000)
  object space 296960K, 55% used [0x00000000a0000000,0x00000000aa0e4770,0x00000000b2200000)
 Metaspace       used 107158K, capacity 116722K, committed 116864K, reserved 1150976K
  class space    used 13603K, capacity 15139K, committed 15232K, reserved 1048576K
Event: 1301.665 GC heap after
Heap after GC invocations=66 (full 5):
 PSYoungGen      total 410112K, used 48160K [0x00000000e0000000, 0x00000000ffc00000, 0x0000000100000000)
  eden space 295936K, 0% used [0x00000000e0000000,0x00000000e0000000,0x00000000f2100000)
  from space 114176K, 42% used [0x00000000f2100000,0x00000000f5008190,0x00000000f9080000)
  to   space 109056K, 0% used [0x00000000f9180000,0x00000000f9180000,0x00000000ffc00000)
 ParOldGen       total 296960K, used 167760K [0x00000000a0000000, 0x00000000b2200000, 0x00000000e0000000)
  object space 296960K, 56% used [0x00000000a0000000,0x00000000aa3d41f0,0x00000000b2200000)
 Metaspace       used 107158K, capacity 116722K, committed 116864K, reserved 1150976K
  class space    used 13603K, capacity 15139K, committed 15232K, reserved 1048576K
}
Event: 1514.352 GC heap before
{Heap before GC invocations=67 (full 5):
 PSYoungGen      total 410112K, used 344096K [0x00000000e0000000, 0x00000000ffc00000, 0x0000000100000000)
  eden space 295936K, 100% used [0x00000000e0000000,0x00000000f2100000,0x00000000f2100000)
  from space 114176K, 42% used [0x00000000f2100000,0x00000000f5008190,0x00000000f9080000)
  to   space 109056K, 0% used [0x00000000f9180000,0x00000000f9180000,0x00000000ffc00000)
 ParOldGen       total 296960K, used 167760K [0x00000000a0000000, 0x00000000b2200000, 0x00000000e0000000)
  object space 296960K, 56% used [0x00000000a0000000,0x00000000aa3d41f0,0x00000000b2200000)
 Metaspace       used 107278K, capacity 116858K, committed 117120K, reserved 1150976K
  class space    used 13613K, capacity 15152K, committed 15232K, reserved 1048576K
Event: 1514.392 GC heap after
Heap after GC invocations=67 (full 5):
 PSYoungGen      total 403968K, used 54137K [0x00000000e0000000, 0x00000000ff600000, 0x0000000100000000)
  eden space 301056K, 0% used [0x00000000e0000000,0x00000000e0000000,0x00000000f2600000)
  from space 102912K, 52% used [0x00000000f9180000,0x00000000fc65e548,0x00000000ff600000)
  to   space 106496K, 0% used [0x00000000f2600000,0x00000000f2600000,0x00000000f8e00000)
 ParOldGen       total 296960K, used 167824K [0x00000000a0000000, 0x00000000b2200000, 0x00000000e0000000)
  object space 296960K, 56% used [0x00000000a0000000,0x00000000aa3e41f0,0x00000000b2200000)
 Metaspace       used 107278K, capacity 116858K, committed 117120K, reserved 1150976K
  class space    used 13613K, capacity 15152K, committed 15232K, reserved 1048576K
}
Event: 1515.452 GC heap before
{Heap before GC invocations=68 (full 5):
 PSYoungGen      total 403968K, used 354953K [0x00000000e0000000, 0x00000000ff600000, 0x0000000100000000)
  eden space 301056K, 99% used [0x00000000e0000000,0x00000000f25c3f48,0x00000000f2600000)
  from space 102912K, 52% used [0x00000000f9180000,0x00000000fc65e548,0x00000000ff600000)
  to   space 106496K, 0% used [0x00000000f2600000,0x00000000f2600000,0x00000000f8e00000)
 ParOldGen       total 296960K, used 167824K [0x00000000a0000000, 0x00000000b2200000, 0x00000000e0000000)
  object space 296960K, 56% used [0x00000000a0000000,0x00000000aa3e41f0,0x00000000b2200000)
 Metaspace       used 107291K, capacity 116858K, committed 117120K, reserved 1150976K
  class space    used 13613K, capacity 15152K, committed 15232K, reserved 1048576K
Event: 1515.504 GC heap after
Heap after GC invocations=68 (full 5):
 PSYoungGen      total 407552K, used 55597K [0x00000000e0000000, 0x00000000fff80000, 0x0000000100000000)
  eden space 301056K, 0% used [0x00000000e0000000,0x00000000e0000000,0x00000000f2600000)
  from space 106496K, 52% used [0x00000000f2600000,0x00000000f5c4b740,0x00000000f8e00000)
  to   space 104448K, 0% used [0x00000000f9980000,0x00000000f9980000,0x00000000fff80000)
 ParOldGen       total 296960K, used 167824K [0x00000000a0000000, 0x00000000b2200000, 0x00000000e0000000)
  object space 296960K, 56% used [0x00000000a0000000,0x00000000aa3e41f0,0x00000000b2200000)
 Metaspace       used 107291K, capacity 116858K, committed 117120K, reserved 1150976K
  class space    used 13613K, capacity 15152K, committed 15232K, reserved 1048576K
}
Event: 1517.023 GC heap before
{Heap before GC invocations=69 (full 5):
 PSYoungGen      total 407552K, used 356653K [0x00000000e0000000, 0x00000000fff80000, 0x0000000100000000)
  eden space 301056K, 100% used [0x00000000e0000000,0x00000000f2600000,0x00000000f2600000)
  from space 106496K, 52% used [0x00000000f2600000,0x00000000f5c4b740,0x00000000f8e00000)
  to   space 104448K, 0% used [0x00000000f9980000,0x00000000f9980000,0x00000000fff80000)
 ParOldGen       total 296960K, used 167824K [0x00000000a0000000, 0x00000000b2200000, 0x00000000e0000000)
  object space 296960K, 56% used [0x00000000a0000000,0x00000000aa3e41f0,0x00000000b2200000)
 Metaspace       used 107301K, capacity 116928K, committed 117120K, reserved 1150976K
  class space    used 13614K, capacity 15153K, committed 15232K, reserved 1048576K
Event: 1517.127 GC heap after
Heap after GC invocations=69 (full 5):
 PSYoungGen      total 412672K, used 69930K [0x00000000e0000000, 0x0000000100000000, 0x0000000100000000)
  eden space 308224K, 0% used [0x00000000e0000000,0x00000000e0000000,0x00000000f2d00000)
  from space 104448K, 66% used [0x00000000f9980000,0x00000000fddca978,0x00000000fff80000)
  to   space 108032K, 0% used [0x00000000f2d00000,0x00000000f2d00000,0x00000000f9680000)
 ParOldGen       total 296960K, used 200128K [0x00000000a0000000, 0x00000000b2200000, 0x00000000e0000000)
  object space 296960K, 67% used [0x00000000a0000000,0x00000000ac370028,0x00000000b2200000)
 Metaspace       used 107301K, capacity 116928K, committed 117120K, reserved 1150976K
  class space    used 13614K, capacity 15153K, committed 15232K, reserved 1048576K
}
Event: 1519.007 GC heap before
{Heap before GC invocations=70 (full 5):
 PSYoungGen      total 412672K, used 376773K [0x00000000e0000000, 0x0000000100000000, 0x0000000100000000)
  eden space 308224K, 99% used [0x00000000e0000000,0x00000000f2ba6e00,0x00000000f2d00000)
  from space 104448K, 66% used [0x00000000f9980000,0x00000000fddca978,0x00000000fff80000)
  to   space 108032K, 0% used [0x00000000f2d00000,0x00000000f2d00000,0x00000000f9680000)
 ParOldGen       total 296960K, used 200128K [0x00000000a0000000, 0x00000000b2200000, 0x00000000e0000000)
  object space 296960K, 67% used [0x00000000a0000000,0x00000000ac370028,0x00000000b2200000)
 Metaspace       used 107314K, capacity 116928K, committed 117120K, reserved 1150976K
  class space    used 13614K, capacity 15153K, committed 15232K, reserved 1048576K
Event: 1519.104 GC heap after
Heap after GC invocations=70 (full 5):
 PSYoungGen      total 416256K, used 108016K [0x00000000e0000000, 0x0000000100000000, 0x0000000100000000)
  eden space 308224K, 0% used [0x00000000e0000000,0x00000000e0000000,0x00000000f2d00000)
  from space 108032K, 99% used [0x00000000f2d00000,0x00000000f967c118,0x00000000f9680000)
  to   space 108032K, 0% used [0x00000000f9680000,0x00000000f9680000,0x0000000100000000)
 ParOldGen       total 296960K, used 211688K [0x00000000a0000000, 0x00000000b2200000, 0x00000000e0000000)
  object space 296960K, 71% used [0x00000000a0000000,0x00000000aceba2e8,0x00000000b2200000)
 Metaspace       used 107314K, capacity 116928K, committed 117120K, reserved 1150976K
  class space    used 13614K, capacity 15153K, committed 15232K, reserved 1048576K
}

