# JRE version: OpenJDK Runtime Environment (8.0_202-b03) (build 1.8.0_202-release-1483-b03)
# Java VM: OpenJDK 64-Bit Server VM (25.202-b03 mixed mode windows-amd64 compressed oops)
Heap:
 PSYoungGen      total 263168K, used 231033K [0x00000000e0000000, 0x00000000f2280000, 0x0000000100000000)
  eden space 243712K, 86% used [0x00000000e0000000,0x00000000ece9f0d0,0x00000000eee00000)
  from space 19456K, 99% used [0x00000000f0680000,0x00000000f197f568,0x00000000f1980000)
  to   space 25088K, 0% used [0x00000000eee00000,0x00000000eee00000,0x00000000f0680000)
 ParOldGen       total 137216K, used 41441K [0x00000000a0000000, 0x00000000a8600000, 0x00000000e0000000)
  object space 137216K, 30% used [0x00000000a0000000,0x00000000a2878610,0x00000000a8600000)
 Metaspace       used 74740K, capacity 78010K, committed 78336K, reserved 1118208K
  class space    used 9757K, capacity 10383K, committed 10496K, reserved 1048576K
GC Heap History (10 events):
Event: 10.997 GC heap before
{Heap before GC invocations=17 (full 3):
 PSYoungGen      total 189440K, used 183915K [0x00000000e0000000, 0x00000000ee800000, 0x0000000100000000)
  eden space 169984K, 100% used [0x00000000e0000000,0x00000000ea600000,0x00000000ea600000)
  from space 19456K, 71% used [0x00000000ea600000,0x00000000eb39adc0,0x00000000eb900000)
  to   space 19968K, 0% used [0x00000000ed480000,0x00000000ed480000,0x00000000ee800000)
 ParOldGen       total 137216K, used 32661K [0x00000000a0000000, 0x00000000a8600000, 0x00000000e0000000)
  object space 137216K, 23% used [0x00000000a0000000,0x00000000a1fe56c8,0x00000000a8600000)
 Metaspace       used 63501K, capacity 66184K, committed 66304K, reserved 1105920K
  class space    used 8653K, capacity 9205K, committed 9216K, reserved 1048576K
Event: 11.011 GC heap after
Heap after GC invocations=17 (full 3):
 PSYoungGen      total 213504K, used 9569K [0x00000000e0000000, 0x00000000ee500000, 0x0000000100000000)
  eden space 196608K, 0% used [0x00000000e0000000,0x00000000e0000000,0x00000000ec000000)
  from space 16896K, 56% used [0x00000000ed480000,0x00000000eddd84a0,0x00000000ee500000)
  to   space 18944K, 0% used [0x00000000ec000000,0x00000000ec000000,0x00000000ed280000)
 ParOldGen       total 137216K, used 32669K [0x00000000a0000000, 0x00000000a8600000, 0x00000000e0000000)
  object space 137216K, 23% used [0x00000000a0000000,0x00000000a1fe76c8,0x00000000a8600000)
 Metaspace       used 63501K, capacity 66184K, committed 66304K, reserved 1105920K
  class space    used 8653K, capacity 9205K, committed 9216K, reserved 1048576K
}
Event: 12.433 GC heap before
{Heap before GC invocations=18 (full 3):
 PSYoungGen      total 213504K, used 206177K [0x00000000e0000000, 0x00000000ee500000, 0x0000000100000000)
  eden space 196608K, 100% used [0x00000000e0000000,0x00000000ec000000,0x00000000ec000000)
  from space 16896K, 56% used [0x00000000ed480000,0x00000000eddd84a0,0x00000000ee500000)
  to   space 18944K, 0% used [0x00000000ec000000,0x00000000ec000000,0x00000000ed280000)
 ParOldGen       total 137216K, used 32669K [0x00000000a0000000, 0x00000000a8600000, 0x00000000e0000000)
  object space 137216K, 23% used [0x00000000a0000000,0x00000000a1fe76c8,0x00000000a8600000)
 Metaspace       used 63657K, capacity 66290K, committed 66304K, reserved 1105920K
  class space    used 8672K, capacity 9212K, committed 9216K, reserved 1048576K
Event: 12.446 GC heap after
Heap after GC invocations=18 (full 3):
 PSYoungGen      total 215552K, used 11663K [0x00000000e0000000, 0x00000000f0100000, 0x0000000100000000)
  eden space 196608K, 0% used [0x00000000e0000000,0x00000000e0000000,0x00000000ec000000)
  from space 18944K, 61% used [0x00000000ec000000,0x00000000ecb63de8,0x00000000ed280000)
  to   space 18944K, 0% used [0x00000000eee80000,0x00000000eee80000,0x00000000f0100000)
 ParOldGen       total 137216K, used 32677K [0x00000000a0000000, 0x00000000a8600000, 0x00000000e0000000)
  object space 137216K, 23% used [0x00000000a0000000,0x00000000a1fe96c8,0x00000000a8600000)
 Metaspace       used 63657K, capacity 66290K, committed 66304K, reserved 1105920K
  class space    used 8672K, capacity 9212K, committed 9216K, reserved 1048576K
}
Event: 12.912 GC heap before
{Heap before GC invocations=19 (full 3):
 PSYoungGen      total 215552K, used 208271K [0x00000000e0000000, 0x00000000f0100000, 0x0000000100000000)
  eden space 196608K, 100% used [0x00000000e0000000,0x00000000ec000000,0x00000000ec000000)
  from space 18944K, 61% used [0x00000000ec000000,0x00000000ecb63de8,0x00000000ed280000)
  to   space 18944K, 0% used [0x00000000eee80000,0x00000000eee80000,0x00000000f0100000)
 ParOldGen       total 137216K, used 32677K [0x00000000a0000000, 0x00000000a8600000, 0x00000000e0000000)
  object space 137216K, 23% used [0x00000000a0000000,0x00000000a1fe96c8,0x00000000a8600000)
 Metaspace       used 63744K, capacity 66358K, committed 66560K, reserved 1105920K
  class space    used 8672K, capacity 9212K, committed 9216K, reserved 1048576K
Event: 12.925 GC heap after
Heap after GC invocations=19 (full 3):
 PSYoungGen      total 244736K, used 11199K [0x00000000e0000000, 0x00000000f0580000, 0x0000000100000000)
  eden space 225792K, 0% used [0x00000000e0000000,0x00000000e0000000,0x00000000edc80000)
  from space 18944K, 59% used [0x00000000eee80000,0x00000000ef96fce0,0x00000000f0100000)
  to   space 18432K, 0% used [0x00000000edc80000,0x00000000edc80000,0x00000000eee80000)
 ParOldGen       total 137216K, used 32685K [0x00000000a0000000, 0x00000000a8600000, 0x00000000e0000000)
  object space 137216K, 23% used [0x00000000a0000000,0x00000000a1feb6c8,0x00000000a8600000)
 Metaspace       used 63744K, capacity 66358K, committed 66560K, reserved 1105920K
  class space    used 8672K, capacity 9212K, committed 9216K, reserved 1048576K
}
Event: 15.636 GC heap before
{Heap before GC invocations=20 (full 3):
 PSYoungGen      total 244736K, used 236991K [0x00000000e0000000, 0x00000000f0580000, 0x0000000100000000)
  eden space 225792K, 100% used [0x00000000e0000000,0x00000000edc80000,0x00000000edc80000)
  from space 18944K, 59% used [0x00000000eee80000,0x00000000ef96fce0,0x00000000f0100000)
  to   space 18432K, 0% used [0x00000000edc80000,0x00000000edc80000,0x00000000eee80000)
 ParOldGen       total 137216K, used 32685K [0x00000000a0000000, 0x00000000a8600000, 0x00000000e0000000)
  object space 137216K, 23% used [0x00000000a0000000,0x00000000a1feb6c8,0x00000000a8600000)
 Metaspace       used 64553K, capacity 67196K, committed 67456K, reserved 1107968K
  class space    used 8721K, capacity 9247K, committed 9344K, reserved 1048576K
Event: 15.652 GC heap after
Heap after GC invocations=20 (full 3):
 PSYoungGen      total 244224K, used 14895K [0x00000000e0000000, 0x00000000f1980000, 0x0000000100000000)
  eden space 225792K, 0% used [0x00000000e0000000,0x00000000e0000000,0x00000000edc80000)
  from space 18432K, 80% used [0x00000000edc80000,0x00000000eeb0bf08,0x00000000eee80000)
  to   space 19456K, 0% used [0x00000000f0680000,0x00000000f0680000,0x00000000f1980000)
 ParOldGen       total 137216K, used 32693K [0x00000000a0000000, 0x00000000a8600000, 0x00000000e0000000)
  object space 137216K, 23% used [0x00000000a0000000,0x00000000a1fed6c8,0x00000000a8600000)
 Metaspace       used 64553K, capacity 67196K, committed 67456K, reserved 1107968K
  class space    used 8721K, capacity 9247K, committed 9344K, reserved 1048576K
}
Event: 19.969 GC heap before
{Heap before GC invocations=21 (full 3):
 PSYoungGen      total 244224K, used 240687K [0x00000000e0000000, 0x00000000f1980000, 0x0000000100000000)
  eden space 225792K, 100% used [0x00000000e0000000,0x00000000edc80000,0x00000000edc80000)
  from space 18432K, 80% used [0x00000000edc80000,0x00000000eeb0bf08,0x00000000eee80000)
  to   space 19456K, 0% used [0x00000000f0680000,0x00000000f0680000,0x00000000f1980000)
 ParOldGen       total 137216K, used 32693K [0x00000000a0000000, 0x00000000a8600000, 0x00000000e0000000)
  object space 137216K, 23% used [0x00000000a0000000,0x00000000a1fed6c8,0x00000000a8600000)
 Metaspace       used 69683K, capacity 72736K, committed 72960K, reserved 1112064K
  class space    used 9360K, capacity 9955K, committed 9984K, reserved 1048576K
Event: 20.006 GC heap after
Heap after GC invocations=21 (full 3):
 PSYoungGen      total 263168K, used 19453K [0x00000000e0000000, 0x00000000f2280000, 0x0000000100000000)
  eden space 243712K, 0% used [0x00000000e0000000,0x00000000e0000000,0x00000000eee00000)
  from space 19456K, 99% used [0x00000000f0680000,0x00000000f197f568,0x00000000f1980000)
  to   space 25088K, 0% used [0x00000000eee00000,0x00000000eee00000,0x00000000f0680000)
 ParOldGen       total 137216K, used 41441K [0x00000000a0000000, 0x00000000a8600000, 0x00000000e0000000)
  object space 137216K, 30% used [0x00000000a0000000,0x00000000a2878610,0x00000000a8600000)
 Metaspace       used 69683K, capacity 72736K, committed 72960K, reserved 1112064K
  class space    used 9360K, capacity 9955K, committed 9984K, reserved 1048576K
}

