# JRE version: OpenJDK Runtime Environment (8.0_202-b03) (build 1.8.0_202-release-1483-b03)
# Java VM: OpenJDK 64-Bit Server VM (25.202-b03 mixed mode windows-amd64 compressed oops)
Heap:
 PSYoungGen      total 217088K, used 60702K [0x00000000e0000000, 0x00000000ef200000, 0x0000000100000000)
  eden space 195072K, 23% used [0x00000000e0000000,0x00000000e2cb2150,0x00000000ebe80000)
  from space 22016K, 67% used [0x00000000ebe80000,0x00000000ecd159e0,0x00000000ed400000)
  to   space 20992K, 0% used [0x00000000ed400000,0x00000000ed400000,0x00000000ee880000)
 ParOldGen       total 137216K, used 32860K [0x00000000a0000000, 0x00000000a8600000, 0x00000000e0000000)
  object space 137216K, 23% used [0x00000000a0000000,0x00000000a2017178,0x00000000a8600000)
 Metaspace       used 66997K, capacity 69624K, committed 69888K, reserved 1110016K
  class space    used 9105K, capacity 9663K, committed 9728K, reserved 1048576K
GC Heap History (10 events):
Event: 9.086 GC heap before
{Heap before GC invocations=14 (full 2):
 PSYoungGen      total 160256K, used 63287K [0x00000000e0000000, 0x00000000eca80000, 0x0000000100000000)
  eden space 145920K, 33% used [0x00000000e0000000,0x00000000e2fd1030,0x00000000e8e80000)
  from space 14336K, 99% used [0x00000000e8e80000,0x00000000e9c7ced0,0x00000000e9c80000)
  to   space 18944K, 0% used [0x00000000eb800000,0x00000000eb800000,0x00000000eca80000)
 ParOldGen       total 89600K, used 28019K [0x00000000a0000000, 0x00000000a5780000, 0x00000000e0000000)
  object space 89600K, 31% used [0x00000000a0000000,0x00000000a1b5cf88,0x00000000a5780000)
 Metaspace       used 56971K, capacity 58992K, committed 59096K, reserved 1099776K
  class space    used 7794K, capacity 8249K, committed 8320K, reserved 1048576K
Event: 9.096 GC heap after
Heap after GC invocations=14 (full 2):
 PSYoungGen      total 188416K, used 3871K [0x00000000e0000000, 0x00000000ed680000, 0x0000000100000000)
  eden space 169472K, 0% used [0x00000000e0000000,0x00000000e0000000,0x00000000ea580000)
  from space 18944K, 20% used [0x00000000eb800000,0x00000000ebbc7e08,0x00000000eca80000)
  to   space 18944K, 0% used [0x00000000ea580000,0x00000000ea580000,0x00000000eb800000)
 ParOldGen       total 89600K, used 35021K [0x00000000a0000000, 0x00000000a5780000, 0x00000000e0000000)
  object space 89600K, 39% used [0x00000000a0000000,0x00000000a2233470,0x00000000a5780000)
 Metaspace       used 56971K, capacity 58992K, committed 59096K, reserved 1099776K
  class space    used 7794K, capacity 8249K, committed 8320K, reserved 1048576K
}
Event: 9.096 GC heap before
{Heap before GC invocations=15 (full 3):
 PSYoungGen      total 188416K, used 3871K [0x00000000e0000000, 0x00000000ed680000, 0x0000000100000000)
  eden space 169472K, 0% used [0x00000000e0000000,0x00000000e0000000,0x00000000ea580000)
  from space 18944K, 20% used [0x00000000eb800000,0x00000000ebbc7e08,0x00000000eca80000)
  to   space 18944K, 0% used [0x00000000ea580000,0x00000000ea580000,0x00000000eb800000)
 ParOldGen       total 89600K, used 35021K [0x00000000a0000000, 0x00000000a5780000, 0x00000000e0000000)
  object space 89600K, 39% used [0x00000000a0000000,0x00000000a2233470,0x00000000a5780000)
 Metaspace       used 56971K, capacity 58992K, committed 59096K, reserved 1099776K
  class space    used 7794K, capacity 8249K, committed 8320K, reserved 1048576K
Event: 9.334 GC heap after
Heap after GC invocations=15 (full 3):
 PSYoungGen      total 188416K, used 0K [0x00000000e0000000, 0x00000000ed680000, 0x0000000100000000)
  eden space 169472K, 0% used [0x00000000e0000000,0x00000000e0000000,0x00000000ea580000)
  from space 18944K, 0% used [0x00000000eb800000,0x00000000eb800000,0x00000000eca80000)
  to   space 18944K, 0% used [0x00000000ea580000,0x00000000ea580000,0x00000000eb800000)
 ParOldGen       total 137216K, used 32829K [0x00000000a0000000, 0x00000000a8600000, 0x00000000e0000000)
  object space 137216K, 23% used [0x00000000a0000000,0x00000000a200f488,0x00000000a8600000)
 Metaspace       used 56944K, capacity 58902K, committed 59096K, reserved 1099776K
  class space    used 7786K, capacity 8234K, committed 8320K, reserved 1048576K
}
Event: 11.685 GC heap before
{Heap before GC invocations=16 (full 3):
 PSYoungGen      total 188416K, used 169472K [0x00000000e0000000, 0x00000000ed680000, 0x0000000100000000)
  eden space 169472K, 100% used [0x00000000e0000000,0x00000000ea580000,0x00000000ea580000)
  from space 18944K, 0% used [0x00000000eb800000,0x00000000eb800000,0x00000000eca80000)
  to   space 18944K, 0% used [0x00000000ea580000,0x00000000ea580000,0x00000000eb800000)
 ParOldGen       total 137216K, used 32833K [0x00000000a0000000, 0x00000000a8600000, 0x00000000e0000000)
  object space 137216K, 23% used [0x00000000a0000000,0x00000000a20105f0,0x00000000a8600000)
 Metaspace       used 66562K, capacity 69196K, committed 69376K, reserved 1110016K
  class space    used 9091K, capacity 9629K, committed 9728K, reserved 1048576K
Event: 11.699 GC heap after
Heap after GC invocations=16 (full 3):
 PSYoungGen      total 188416K, used 17713K [0x00000000e0000000, 0x00000000ee880000, 0x0000000100000000)
  eden space 169472K, 0% used [0x00000000e0000000,0x00000000e0000000,0x00000000ea580000)
  from space 18944K, 93% used [0x00000000ea580000,0x00000000eb6cc520,0x00000000eb800000)
  to   space 20992K, 0% used [0x00000000ed400000,0x00000000ed400000,0x00000000ee880000)
 ParOldGen       total 137216K, used 32841K [0x00000000a0000000, 0x00000000a8600000, 0x00000000e0000000)
  object space 137216K, 23% used [0x00000000a0000000,0x00000000a20125f0,0x00000000a8600000)
 Metaspace       used 66562K, capacity 69196K, committed 69376K, reserved 1110016K
  class space    used 9091K, capacity 9629K, committed 9728K, reserved 1048576K
}
Event: 12.115 GC heap before
{Heap before GC invocations=17 (full 3):
 PSYoungGen      total 188416K, used 187185K [0x00000000e0000000, 0x00000000ee880000, 0x0000000100000000)
  eden space 169472K, 100% used [0x00000000e0000000,0x00000000ea580000,0x00000000ea580000)
  from space 18944K, 93% used [0x00000000ea580000,0x00000000eb6cc520,0x00000000eb800000)
  to   space 20992K, 0% used [0x00000000ed400000,0x00000000ed400000,0x00000000ee880000)
 ParOldGen       total 137216K, used 32844K [0x00000000a0000000, 0x00000000a8600000, 0x00000000e0000000)
  object space 137216K, 23% used [0x00000000a0000000,0x00000000a2013178,0x00000000a8600000)
 Metaspace       used 66851K, capacity 69490K, committed 69632K, reserved 1110016K
  class space    used 9097K, capacity 9662K, committed 9728K, reserved 1048576K
Event: 12.131 GC heap after
Heap after GC invocations=17 (full 3):
 PSYoungGen      total 216064K, used 15115K [0x00000000e0000000, 0x00000000ef200000, 0x0000000100000000)
  eden space 195072K, 0% used [0x00000000e0000000,0x00000000e0000000,0x00000000ebe80000)
  from space 20992K, 72% used [0x00000000ed400000,0x00000000ee2c2ea8,0x00000000ee880000)
  to   space 22016K, 0% used [0x00000000ebe80000,0x00000000ebe80000,0x00000000ed400000)
 ParOldGen       total 137216K, used 32852K [0x00000000a0000000, 0x00000000a8600000, 0x00000000e0000000)
  object space 137216K, 23% used [0x00000000a0000000,0x00000000a2015178,0x00000000a8600000)
 Metaspace       used 66851K, capacity 69490K, committed 69632K, reserved 1110016K
  class space    used 9097K, capacity 9662K, committed 9728K, reserved 1048576K
}
Event: 12.508 GC heap before
{Heap before GC invocations=18 (full 3):
 PSYoungGen      total 216064K, used 210187K [0x00000000e0000000, 0x00000000ef200000, 0x0000000100000000)
  eden space 195072K, 100% used [0x00000000e0000000,0x00000000ebe80000,0x00000000ebe80000)
  from space 20992K, 72% used [0x00000000ed400000,0x00000000ee2c2ea8,0x00000000ee880000)
  to   space 22016K, 0% used [0x00000000ebe80000,0x00000000ebe80000,0x00000000ed400000)
 ParOldGen       total 137216K, used 32852K [0x00000000a0000000, 0x00000000a8600000, 0x00000000e0000000)
  object space 137216K, 23% used [0x00000000a0000000,0x00000000a2015178,0x00000000a8600000)
 Metaspace       used 66947K, capacity 69560K, committed 69888K, reserved 1110016K
  class space    used 9098K, capacity 9663K, committed 9728K, reserved 1048576K
Event: 12.523 GC heap after
Heap after GC invocations=18 (full 3):
 PSYoungGen      total 217088K, used 14934K [0x00000000e0000000, 0x00000000ef200000, 0x0000000100000000)
  eden space 195072K, 0% used [0x00000000e0000000,0x00000000e0000000,0x00000000ebe80000)
  from space 22016K, 67% used [0x00000000ebe80000,0x00000000ecd159e0,0x00000000ed400000)
  to   space 20992K, 0% used [0x00000000ed400000,0x00000000ed400000,0x00000000ee880000)
 ParOldGen       total 137216K, used 32860K [0x00000000a0000000, 0x00000000a8600000, 0x00000000e0000000)
  object space 137216K, 23% used [0x00000000a0000000,0x00000000a2017178,0x00000000a8600000)
 Metaspace       used 66947K, capacity 69560K, committed 69888K, reserved 1110016K
  class space    used 9098K, capacity 9663K, committed 9728K, reserved 1048576K
}

